{
  "RSpec": {
    "coverage": {
      "/Users/student/Projects/courier_kata/spec/item_spec.rb": [
        1,
        null,
        1,
        2,
        2,
        2,
        2,
        null,
        2,
        2,
        2,
        2,
        null,
        1,
        1,
        1,
        1,
        1,
        1,
        1,
        null,
        null,
        null,
        null,
        1,
        1,
        1,
        1,
        1,
        1,
        1,
        null,
        null,
        null,
        null
      ],
      "/Users/student/Projects/courier_kata/lib/item.rb": [
        1,
        1,
        1,
        1,
        null,
        1,
        null,
        1,
        null,
        1,
        null,
        1,
        null,
        1,
        8,
        8,
        8,
        null,
        null,
        1,
        8,
        null,
        null,
        1,
        null,
        1,
        8,
        null,
        8,
        6,
        4,
        2,
        null,
        null,
        1,
        8,
        null,
        null,
        1,
        8,
        8,
        null,
        null,
        1,
        8,
        null,
        null
      ],
      "/Users/student/Projects/courier_kata/spec/order_spec.rb": [
        1,
        null,
        1,
        1,
        2,
        null,
        null,
        1,
        8,
        null,
        null,
        1,
        1,
        1,
        null,
        null,
        null,
        null,
        null,
        null,
        1,
        1,
        1,
        1,
        null,
        null,
        null,
        null,
        null,
        null,
        null
      ],
      "/Users/student/Projects/courier_kata/lib/order.rb": [
        1,
        1,
        null,
        1,
        2,
        2,
        null,
        null,
        1,
        6,
        null,
        null,
        1,
        1,
        null,
        null,
        1,
        2,
        2,
        null,
        2,
        1,
        null,
        null,
        1,
        null,
        1,
        8,
        null,
        null,
        1,
        8,
        null,
        null,
        1,
        1,
        1,
        null,
        null,
        1,
        1,
        null,
        null
      ]
    },
    "timestamp": 1564695049
  }
}
